Chapter 1 퀀트 투자의 심장 : 데이터와 프로그래밍
    - '퀀트' : 모형을 기반으로 금융상품의 가격을 산정하거나, 이를 바탕으로 투자하는 사람
    - 정성적 투자 : 산업과 기업을 분석해 가치를 매기는 투자법
    - 퀀트 투자 : 수학과 통계를 기반으로 전략을 만들고 이를 기반으로 투자하는 정량적 투자법
    - 퀀트 투자 단계
        1. 주가, 재무제표 등의 데이터 불러오기
        2. 필요한 지표를 얻기 위해 데이터별로 정리하고 가공하기
        3. 시각화를 통해 데이터의 특징 파악하기
        4. 퀀트 모델을 이용해 종목 선택하기
        5. 백테스트를 실시한 후 성과 및 위험 평가하기
    - 퀀트 투자에 유용한 R 패키지
        1. quantmod
            - getSymbols()
            - 볼린저밴드, 이동평균선, 상대강도지수(RSI) 등
        2. PerformanceAnalytics 
            - 포트폴리오 성과와 위험을 측정
            - Return.portfolio() : 포트폴리오 백테스트
        3. xts
            - 여러 데이터를 시계열 형태(eXtensible TimeSeries)로 변형
            - apply.monthly()와 apply.yearly() : 일별 수익률을 월별 수익률 혹은 연도별 수익률로 변환
            - endpoints() : 데이터들의 특정 시점을 찾기
        4. zoo
            - 시계열 데이터를 다루는 데 유용한 함수
            - rollapply()
            - na.locf() : 시계열 데이터의 결측치를 보정
        5. httr & rvest
            - 데이터를 웹에서 수집(크롤링) 하기 위해 사용
            - GET(), POST()
            - rvest는 HTML 문서의 데이터를 가져오는 패키지
        6. dplyr 
            - C++로 작성
            - 수집한 데이터를 정리
        7. ggplot2

